[0.019s] Invoking command in '/home/luoteng/only_for_contest/src/build/turtlebot3_gazebo': /usr/bin/cmake /home/luoteng/only_for_contest/src/turtlebot3_simulations/turtlebot3_gazebo -DAMENT_CMAKE_SYMLINK_INSTALL=1 -DCMAKE_INSTALL_PREFIX=/home/luoteng/only_for_contest/src/install/turtlebot3_gazebo
[0.205s] -- The C compiler identification is GNU 9.3.0
[0.205s] -- The CXX compiler identification is GNU 9.3.0
[0.205s] -- Check for working C compiler: /usr/bin/cc
[0.206s] -- Check for working C compiler: /usr/bin/cc -- works
[0.206s] -- Detecting C compiler ABI info
[0.251s] -- Detecting C compiler ABI info - done
[0.266s] -- Detecting C compile features
[0.267s] -- Detecting C compile features - done
[0.270s] -- Check for working CXX compiler: /usr/bin/c++
[0.332s] -- Check for working CXX compiler: /usr/bin/c++ -- works
[0.333s] -- Detecting CXX compiler ABI info
[0.393s] -- Detecting CXX compiler ABI info - done
[0.412s] -- Detecting CXX compile features
[0.413s] -- Detecting CXX compile features - done
[0.423s] CMake Error at CMakeLists.txt:22 (find_package):
[0.424s]   By not providing "Findament_cmake.cmake" in CMAKE_MODULE_PATH this project
[0.424s]   has asked CMake to find a package configuration file provided by
[0.424s]   "ament_cmake", but CMake did not find one.
[0.424s] 
[0.424s]   Could not find a package configuration file provided by "ament_cmake" with
[0.424s]   any of the following names:
[0.424s] 
[0.424s]     ament_cmakeConfig.cmake
[0.424s]     ament_cmake-config.cmake
[0.424s] 
[0.424s]   Add the installation prefix of "ament_cmake" to CMAKE_PREFIX_PATH or set
[0.424s]   "ament_cmake_DIR" to a directory containing one of the above files.  If
[0.424s]   "ament_cmake" provides a separate development package or SDK, be sure it
[0.424s]   has been installed.
[0.424s] 
[0.424s] 
[0.424s] -- Configuring incomplete, errors occurred!
[0.424s] See also "/home/luoteng/only_for_contest/src/build/turtlebot3_gazebo/CMakeFiles/CMakeOutput.log".
