[0.018s] Invoking command in '/home/luoteng/only_for_contest/src/build/turtlebot3_fake_node': /usr/bin/cmake /home/luoteng/only_for_contest/src/turtlebot3_simulations/turtlebot3_fake_node -DAMENT_CMAKE_SYMLINK_INSTALL=1 -DCMAKE_INSTALL_PREFIX=/home/luoteng/only_for_contest/src/install/turtlebot3_fake_node
[0.206s] -- The C compiler identification is GNU 9.3.0
[0.207s] -- The CXX compiler identification is GNU 9.3.0
[0.207s] -- Check for working C compiler: /usr/bin/cc
[0.208s] -- Check for working C compiler: /usr/bin/cc -- works
[0.208s] -- Detecting C compiler ABI info
[0.253s] -- Detecting C compiler ABI info - done
[0.263s] -- Detecting C compile features
[0.264s] -- Detecting C compile features - done
[0.268s] -- Check for working CXX compiler: /usr/bin/c++
[0.327s] -- Check for working CXX compiler: /usr/bin/c++ -- works
[0.328s] -- Detecting CXX compiler ABI info
[0.387s] -- Detecting CXX compiler ABI info - done
[0.406s] -- Detecting CXX compile features
[0.406s] -- Detecting CXX compile features - done
[0.419s] CMake Error at CMakeLists.txt:18 (find_package):
[0.419s]   By not providing "Findament_cmake.cmake" in CMAKE_MODULE_PATH this project
[0.419s]   has asked CMake to find a package configuration file provided by
[0.419s]   "ament_cmake", but CMake did not find one.
[0.420s] 
[0.420s]   Could not find a package configuration file provided by "ament_cmake" with
[0.420s]   any of the following names:
[0.420s] 
[0.420s]     ament_cmakeConfig.cmake
[0.420s]     ament_cmake-config.cmake
[0.420s] 
[0.420s]   Add the installation prefix of "ament_cmake" to CMAKE_PREFIX_PATH or set
[0.420s]   "ament_cmake_DIR" to a directory containing one of the above files.  If
[0.420s]   "ament_cmake" provides a separate development package or SDK, be sure it
[0.420s]   has been installed.
[0.420s] 
[0.420s] 
[0.420s] -- Configuring incomplete, errors occurred!
[0.420s] See also "/home/luoteng/only_for_contest/src/build/turtlebot3_fake_node/CMakeFiles/CMakeOutput.log".
